build/app/intermediates/manifest_merge_blame_file/release/manifest-merger-blame-release-report.txt
1<?xml version="1.0" encoding="utf-8"?>
2<manifest xmlns:android="http://schemas.android.com/apk/res/android"
3    package="com.drawaura.socialapps"
4    android:versionCode="47"
5    android:versionName="1.1.36" >
6
7    <uses-sdk
8        android:minSdkVersion="24"
8-->src/main/AndroidManifest.xml
9        android:targetSdkVersion="33" />
9-->src/main/AndroidManifest.xml
10
11    <uses-permission android:name="android.permission.INTERNET" />
11-->src/main/AndroidManifest.xml:3:5-67
11-->src/main/AndroidManifest.xml:3:22-64
12    <uses-permission android:name="android.permission.ACCESS_WIFI_STATE" />
12-->src/main/AndroidManifest.xml:4:5-76
12-->src/main/AndroidManifest.xml:4:22-73
13    <uses-permission android:name="android.permission.CHANGE_WIFI_STATE" />
13-->src/main/AndroidManifest.xml:5:5-75
13-->src/main/AndroidManifest.xml:5:22-73
14    <uses-permission android:name="android.permission.WAKE_LOCK" />
14-->src/main/AndroidManifest.xml:6:5-68
14-->src/main/AndroidManifest.xml:6:22-65
15    <uses-permission android:name="android.permission.ACCESS_FINE_LOCATION" />
15-->src/main/AndroidManifest.xml:7:5-79
15-->src/main/AndroidManifest.xml:7:22-76
16    <uses-permission android:name="android.permission.ACCESS_COARSE_LOCATION" />
16-->src/main/AndroidManifest.xml:8:5-81
16-->src/main/AndroidManifest.xml:8:22-78
17    <uses-permission android:name="android.permission.ACCESS_NOTIFICATION_POLICY" />
17-->src/main/AndroidManifest.xml:9:5-85
17-->src/main/AndroidManifest.xml:9:22-82
18    <uses-permission android:name="android.permission.POST_NOTIFICATIONS" />
18-->src/main/AndroidManifest.xml:10:5-76
18-->src/main/AndroidManifest.xml:10:22-74
19    <uses-permission android:name="android.permission.ACCESS_NETWORK_STATE" />
19-->[:firebase_messaging] AndroidManifest.xml:11:5-79
19-->[:firebase_messaging] AndroidManifest.xml:11:22-76
20    <uses-permission android:name="android.permission.RECEIVE_BOOT_COMPLETED" />
20-->[:flutter_local_notifications] AndroidManifest.xml:9:5-81
20-->[:flutter_local_notifications] AndroidManifest.xml:9:22-78
21    <uses-permission android:name="android.permission.VIBRATE" />
21-->[:flutter_local_notifications] AndroidManifest.xml:10:5-66
21-->[:flutter_local_notifications] AndroidManifest.xml:10:22-63
22    <uses-permission android:name="android.permission.USE_FULL_SCREEN_INTENT" />
22-->[:flutter_local_notifications] AndroidManifest.xml:11:5-81
22-->[:flutter_local_notifications] AndroidManifest.xml:11:22-78
23    <uses-permission android:name="android.permission.SCHEDULE_EXACT_ALARM" />
23-->[:flutter_local_notifications] AndroidManifest.xml:12:5-79
23-->[:flutter_local_notifications] AndroidManifest.xml:12:22-76
24    <uses-permission android:name="android.permission.READ_EXTERNAL_STORAGE" />
24-->[:file_picker] AndroidManifest.xml:9:5-80
24-->[:file_picker] AndroidManifest.xml:9:22-77
25
26    <queries>
26-->[:file_picker] AndroidManifest.xml:11:5-17:15
27        <intent>
27-->[:file_picker] AndroidManifest.xml:12:9-16:18
28            <action android:name="android.intent.action.GET_CONTENT" />
28-->[:file_picker] AndroidManifest.xml:13:13-72
28-->[:file_picker] AndroidManifest.xml:13:21-69
29
30            <data android:mimeType="*/*" />
30-->[:file_picker] AndroidManifest.xml:15:13-44
30-->[:file_picker] AndroidManifest.xml:15:19-41
31        </intent>
32        <!-- Needs to be explicitly declared on Android R+ -->
33        <package android:name="com.google.android.apps.maps" />
33-->[com.google.android.gms:play-services-maps:18.1.0] AndroidManifest.xml:33:9-64
33-->[com.google.android.gms:play-services-maps:18.1.0] AndroidManifest.xml:33:18-61
34    </queries>
35
36    <uses-permission android:name="android.permission.CAMERA" />
36-->[:camera_android] AndroidManifest.xml:9:5-65
36-->[:camera_android] AndroidManifest.xml:9:22-62
37    <uses-permission android:name="android.permission.RECORD_AUDIO" />
37-->[:camera_android] AndroidManifest.xml:10:5-71
37-->[:camera_android] AndroidManifest.xml:10:22-68
38
39    <uses-feature
39-->[com.google.android.gms:play-services-maps:18.1.0] AndroidManifest.xml:26:5-28:35
40        android:glEsVersion="0x00020000"
40-->[com.google.android.gms:play-services-maps:18.1.0] AndroidManifest.xml:27:9-41
41        android:required="true" /> <!-- Required by older versions of Google Play services to create IID tokens -->
41-->[com.google.android.gms:play-services-maps:18.1.0] AndroidManifest.xml:28:9-32
42    <uses-permission android:name="com.google.android.c2dm.permission.RECEIVE" />
42-->[com.google.firebase:firebase-iid:21.1.0] AndroidManifest.xml:26:5-82
42-->[com.google.firebase:firebase-iid:21.1.0] AndroidManifest.xml:26:22-79
43    <uses-permission android:name="com.google.android.gms.permission.AD_ID" />
43-->[com.google.android.gms:play-services-measurement-api:21.3.0] AndroidManifest.xml:25:5-79
43-->[com.google.android.gms:play-services-measurement-api:21.3.0] AndroidManifest.xml:25:22-76
44    <uses-permission android:name="com.google.android.finsky.permission.BIND_GET_INSTALL_REFERRER_SERVICE" />
44-->[com.google.android.gms:play-services-measurement:21.3.0] AndroidManifest.xml:26:5-110
44-->[com.google.android.gms:play-services-measurement:21.3.0] AndroidManifest.xml:26:22-107
45
46    <permission
46-->[androidx.core:core:1.10.1] AndroidManifest.xml:22:5-24:47
47        android:name="com.drawaura.socialapps.DYNAMIC_RECEIVER_NOT_EXPORTED_PERMISSION"
47-->[androidx.core:core:1.10.1] AndroidManifest.xml:23:9-81
48        android:protectionLevel="signature" />
48-->[androidx.core:core:1.10.1] AndroidManifest.xml:24:9-44
49
50    <uses-permission android:name="com.drawaura.socialapps.DYNAMIC_RECEIVER_NOT_EXPORTED_PERMISSION" />
50-->[androidx.core:core:1.10.1] AndroidManifest.xml:26:5-97
50-->[androidx.core:core:1.10.1] AndroidManifest.xml:26:22-94
51
52    <application
53        android:name="android.app.Application"
53-->src/main/AndroidManifest.xml:14:9-42
54        android:appComponentFactory="androidx.core.app.CoreComponentFactory"
54-->[androidx.core:core:1.10.1] AndroidManifest.xml:28:18-86
55        android:extractNativeLibs="false"
56        android:icon="@mipmap/ic_launcher"
56-->src/main/AndroidManifest.xml:15:9-43
57        android:label="Thatzal"
57-->src/main/AndroidManifest.xml:13:9-32
58        android:usesCleartextTraffic="true" >
58-->src/main/AndroidManifest.xml:17:9-44
59        <meta-data
59-->src/main/AndroidManifest.xml:18:8-19:69
60            android:name="com.google.android.geo.API_KEY"
60-->src/main/AndroidManifest.xml:18:19-64
61            android:value="AIzaSyAvNwZ_RUaMuDHblwRJBi1QYs8oZQK8xOs" />
61-->src/main/AndroidManifest.xml:19:12-67
62
63        <activity
63-->src/main/AndroidManifest.xml:20:9-44:20
64            android:name="com.drawaura.socialapps.MainActivity"
64-->src/main/AndroidManifest.xml:21:13-41
65            android:configChanges="orientation|keyboardHidden|keyboard|screenSize|smallestScreenSize|locale|layoutDirection|fontScale|screenLayout|density|uiMode"
65-->src/main/AndroidManifest.xml:25:13-163
66            android:exported="true"
66-->src/main/AndroidManifest.xml:22:13-36
67            android:hardwareAccelerated="true"
67-->src/main/AndroidManifest.xml:26:13-47
68            android:launchMode="singleTop"
68-->src/main/AndroidManifest.xml:23:13-43
69            android:theme="@style/LaunchTheme"
69-->src/main/AndroidManifest.xml:24:13-47
70            android:windowSoftInputMode="adjustResize" >
70-->src/main/AndroidManifest.xml:27:13-55
71
72            <!--
73                 Specifies an Android theme to apply to this Activity as soon as
74                 the Android process has started. This theme is visible to the user
75                 while the Flutter UI initializes. After that, this theme continues
76                 to determine the Window background behind the Flutter UI.
77            -->
78            <meta-data
78-->src/main/AndroidManifest.xml:32:13-35:17
79                android:name="io.flutter.embedding.android.NormalTheme"
79-->src/main/AndroidManifest.xml:33:15-70
80                android:resource="@style/NormalTheme" />
80-->src/main/AndroidManifest.xml:34:15-52
81            <meta-data
81-->src/main/AndroidManifest.xml:36:13-39:19
82                android:name="io.flutter.embedding.android.SplashScreenDrawable"
82-->src/main/AndroidManifest.xml:37:17-81
83                android:resource="@drawable/launch_background" />
83-->src/main/AndroidManifest.xml:38:17-63
84
85            <intent-filter>
85-->src/main/AndroidManifest.xml:40:13-43:29
86                <action android:name="android.intent.action.MAIN" />
86-->src/main/AndroidManifest.xml:41:17-68
86-->src/main/AndroidManifest.xml:41:25-66
87
88                <category android:name="android.intent.category.LAUNCHER" />
88-->src/main/AndroidManifest.xml:42:17-76
88-->src/main/AndroidManifest.xml:42:27-74
89            </intent-filter>
90        </activity>
91        <activity
91-->src/main/AndroidManifest.xml:45:8-48:70
92            android:name="com.yalantis.ucrop.UCropActivity"
92-->src/main/AndroidManifest.xml:46:12-59
93            android:screenOrientation="portrait"
93-->src/main/AndroidManifest.xml:47:12-48
94            android:theme="@style/Theme.AppCompat.Light.NoActionBar" />
94-->src/main/AndroidManifest.xml:48:12-68
95        <!--
96             Don't delete the meta-data below.
97             This is used by the Flutter tool to generate GeneratedPluginRegistrant.java
98        -->
99        <meta-data
99-->src/main/AndroidManifest.xml:51:9-53:33
100            android:name="flutterEmbedding"
100-->src/main/AndroidManifest.xml:52:13-44
101            android:value="2" />
101-->src/main/AndroidManifest.xml:53:13-30
102
103        <service
103-->[:firebase_messaging] AndroidManifest.xml:16:9-19:72
104            android:name="io.flutter.plugins.firebase.messaging.FlutterFirebaseMessagingBackgroundService"
104-->[:firebase_messaging] AndroidManifest.xml:17:13-107
105            android:exported="false"
105-->[:firebase_messaging] AndroidManifest.xml:18:13-37
106            android:permission="android.permission.BIND_JOB_SERVICE" />
106-->[:firebase_messaging] AndroidManifest.xml:19:13-69
107        <service
107-->[:firebase_messaging] AndroidManifest.xml:20:9-26:19
108            android:name="io.flutter.plugins.firebase.messaging.FlutterFirebaseMessagingService"
108-->[:firebase_messaging] AndroidManifest.xml:21:13-97
109            android:exported="false" >
109-->[:firebase_messaging] AndroidManifest.xml:22:13-37
110            <intent-filter>
110-->[:firebase_messaging] AndroidManifest.xml:23:13-25:29
111                <action android:name="com.google.firebase.MESSAGING_EVENT" />
111-->[:firebase_messaging] AndroidManifest.xml:24:17-78
111-->[:firebase_messaging] AndroidManifest.xml:24:25-75
112            </intent-filter>
113        </service>
114
115        <receiver
115-->[:firebase_messaging] AndroidManifest.xml:28:9-35:20
116            android:name="io.flutter.plugins.firebase.messaging.FlutterFirebaseMessagingReceiver"
116-->[:firebase_messaging] AndroidManifest.xml:29:13-98
117            android:exported="true"
117-->[:firebase_messaging] AndroidManifest.xml:30:13-36
118            android:permission="com.google.android.c2dm.permission.SEND" >
118-->[:firebase_messaging] AndroidManifest.xml:31:13-73
119            <intent-filter>
119-->[:firebase_messaging] AndroidManifest.xml:32:13-34:29
120                <action android:name="com.google.android.c2dm.intent.RECEIVE" />
120-->[:firebase_messaging] AndroidManifest.xml:33:17-81
120-->[:firebase_messaging] AndroidManifest.xml:33:25-78
121            </intent-filter>
122        </receiver>
123
124        <service
124-->[:firebase_messaging] AndroidManifest.xml:37:9-41:19
125            android:name="com.google.firebase.components.ComponentDiscoveryService"
125-->[:firebase_messaging] AndroidManifest.xml:37:18-89
126            android:directBootAware="true"
126-->[com.google.firebase:firebase-common:20.3.3] AndroidManifest.xml:34:13-43
127            android:exported="false" >
127-->[com.google.firebase:firebase-analytics-ktx:21.3.0] AndroidManifest.xml:10:13-37
128            <meta-data
128-->[:firebase_messaging] AndroidManifest.xml:38:13-40:85
129                android:name="com.google.firebase.components:io.flutter.plugins.firebase.messaging.FlutterFirebaseAppRegistrar"
129-->[:firebase_messaging] AndroidManifest.xml:39:17-128
130                android:value="com.google.firebase.components.ComponentRegistrar" />
130-->[:firebase_messaging] AndroidManifest.xml:40:17-82
131            <meta-data
131-->[:firebase_core] AndroidManifest.xml:11:13-13:85
132                android:name="com.google.firebase.components:io.flutter.plugins.firebase.core.FlutterFirebaseCoreRegistrar"
132-->[:firebase_core] AndroidManifest.xml:12:17-124
133                android:value="com.google.firebase.components.ComponentRegistrar" />
133-->[:firebase_core] AndroidManifest.xml:13:17-82
134            <meta-data
134-->[com.google.firebase:firebase-analytics-ktx:21.3.0] AndroidManifest.xml:11:13-13:85
135                android:name="com.google.firebase.components:com.google.firebase.analytics.ktx.FirebaseAnalyticsKtxRegistrar"
135-->[com.google.firebase:firebase-analytics-ktx:21.3.0] AndroidManifest.xml:12:17-126
136                android:value="com.google.firebase.components.ComponentRegistrar" />
136-->[com.google.firebase:firebase-analytics-ktx:21.3.0] AndroidManifest.xml:13:17-82
137            <meta-data
137-->[com.google.firebase:firebase-common-ktx:20.3.3] AndroidManifest.xml:14:13-16:85
138                android:name="com.google.firebase.components:com.google.firebase.ktx.FirebaseCommonKtxRegistrar"
138-->[com.google.firebase:firebase-common-ktx:20.3.3] AndroidManifest.xml:15:17-113
139                android:value="com.google.firebase.components.ComponentRegistrar" />
139-->[com.google.firebase:firebase-common-ktx:20.3.3] AndroidManifest.xml:16:17-82
140            <meta-data
140-->[com.google.firebase:firebase-iid:21.1.0] AndroidManifest.xml:32:13-34:85
141                android:name="com.google.firebase.components:com.google.firebase.iid.Registrar"
141-->[com.google.firebase:firebase-iid:21.1.0] AndroidManifest.xml:33:17-96
142                android:value="com.google.firebase.components.ComponentRegistrar" />
142-->[com.google.firebase:firebase-iid:21.1.0] AndroidManifest.xml:34:17-82
143            <meta-data
143-->[com.google.firebase:firebase-messaging:23.2.1] AndroidManifest.xml:53:13-55:85
144                android:name="com.google.firebase.components:com.google.firebase.messaging.FirebaseMessagingRegistrar"
144-->[com.google.firebase:firebase-messaging:23.2.1] AndroidManifest.xml:54:17-119
145                android:value="com.google.firebase.components.ComponentRegistrar" />
145-->[com.google.firebase:firebase-messaging:23.2.1] AndroidManifest.xml:55:17-82
146            <meta-data
146-->[com.google.android.gms:play-services-measurement-api:21.3.0] AndroidManifest.xml:31:13-33:85
147                android:name="com.google.firebase.components:com.google.firebase.analytics.connector.internal.AnalyticsConnectorRegistrar"
147-->[com.google.android.gms:play-services-measurement-api:21.3.0] AndroidManifest.xml:32:17-139
148                android:value="com.google.firebase.components.ComponentRegistrar" />
148-->[com.google.android.gms:play-services-measurement-api:21.3.0] AndroidManifest.xml:33:17-82
149            <meta-data
149-->[com.google.firebase:firebase-installations:17.1.4] AndroidManifest.xml:15:13-17:85
150                android:name="com.google.firebase.components:com.google.firebase.installations.FirebaseInstallationsRegistrar"
150-->[com.google.firebase:firebase-installations:17.1.4] AndroidManifest.xml:16:17-127
151                android:value="com.google.firebase.components.ComponentRegistrar" />
151-->[com.google.firebase:firebase-installations:17.1.4] AndroidManifest.xml:17:17-82
152            <meta-data
152-->[com.google.firebase:firebase-datatransport:18.1.7] AndroidManifest.xml:27:13-29:85
153                android:name="com.google.firebase.components:com.google.firebase.datatransport.TransportRegistrar"
153-->[com.google.firebase:firebase-datatransport:18.1.7] AndroidManifest.xml:28:17-115
154                android:value="com.google.firebase.components.ComponentRegistrar" />
154-->[com.google.firebase:firebase-datatransport:18.1.7] AndroidManifest.xml:29:17-82
155        </service>
156
157        <provider
157-->[:firebase_messaging] AndroidManifest.xml:43:9-47:38
158            android:name="io.flutter.plugins.firebase.messaging.FlutterFirebaseMessagingInitProvider"
158-->[:firebase_messaging] AndroidManifest.xml:44:13-102
159            android:authorities="com.drawaura.socialapps.flutterfirebasemessaginginitprovider"
159-->[:firebase_messaging] AndroidManifest.xml:45:13-88
160            android:exported="false"
160-->[:firebase_messaging] AndroidManifest.xml:46:13-37
161            android:initOrder="99" />
161-->[:firebase_messaging] AndroidManifest.xml:47:13-35
162
163        <service
163-->[:geolocator_android] AndroidManifest.xml:10:9-14:56
164            android:name="com.baseflow.geolocator.GeolocatorLocationService"
164-->[:geolocator_android] AndroidManifest.xml:11:13-77
165            android:enabled="true"
165-->[:geolocator_android] AndroidManifest.xml:12:13-35
166            android:exported="false"
166-->[:geolocator_android] AndroidManifest.xml:13:13-37
167            android:foregroundServiceType="location" />
167-->[:geolocator_android] AndroidManifest.xml:14:13-53
168
169        <receiver
169-->[:flutter_local_notifications] AndroidManifest.xml:16:9-18:40
170            android:name="com.dexterous.flutterlocalnotifications.ActionBroadcastReceiver"
170-->[:flutter_local_notifications] AndroidManifest.xml:17:13-91
171            android:exported="false" />
171-->[:flutter_local_notifications] AndroidManifest.xml:18:13-37
172        <receiver
172-->[:flutter_local_notifications] AndroidManifest.xml:19:9-21:40
173            android:name="com.dexterous.flutterlocalnotifications.ScheduledNotificationReceiver"
173-->[:flutter_local_notifications] AndroidManifest.xml:20:13-97
174            android:exported="false" />
174-->[:flutter_local_notifications] AndroidManifest.xml:21:13-37
175        <receiver
175-->[:flutter_local_notifications] AndroidManifest.xml:22:9-31:20
176            android:name="com.dexterous.flutterlocalnotifications.ScheduledNotificationBootReceiver"
176-->[:flutter_local_notifications] AndroidManifest.xml:23:13-101
177            android:exported="false" >
177-->[:flutter_local_notifications] AndroidManifest.xml:24:13-37
178            <intent-filter>
178-->[:flutter_local_notifications] AndroidManifest.xml:25:13-30:29
179                <action android:name="android.intent.action.BOOT_COMPLETED" />
179-->[:flutter_local_notifications] AndroidManifest.xml:26:17-79
179-->[:flutter_local_notifications] AndroidManifest.xml:26:25-76
180                <action android:name="android.intent.action.MY_PACKAGE_REPLACED" />
180-->[:flutter_local_notifications] AndroidManifest.xml:27:17-84
180-->[:flutter_local_notifications] AndroidManifest.xml:27:25-81
181                <action android:name="android.intent.action.QUICKBOOT_POWERON" />
181-->[:flutter_local_notifications] AndroidManifest.xml:28:17-82
181-->[:flutter_local_notifications] AndroidManifest.xml:28:25-79
182                <action android:name="com.htc.intent.action.QUICKBOOT_POWERON" />
182-->[:flutter_local_notifications] AndroidManifest.xml:29:17-82
182-->[:flutter_local_notifications] AndroidManifest.xml:29:25-79
183            </intent-filter>
184        </receiver>
185
186        <provider
186-->[:image_picker_android] AndroidManifest.xml:10:9-18:20
187            android:name="io.flutter.plugins.imagepicker.ImagePickerFileProvider"
187-->[:image_picker_android] AndroidManifest.xml:11:13-82
188            android:authorities="com.drawaura.socialapps.flutter.image_provider"
188-->[:image_picker_android] AndroidManifest.xml:12:13-74
189            android:exported="false"
189-->[:image_picker_android] AndroidManifest.xml:13:13-37
190            android:grantUriPermissions="true" >
190-->[:image_picker_android] AndroidManifest.xml:14:13-47
191            <meta-data
191-->[:image_picker_android] AndroidManifest.xml:15:13-17:75
192                android:name="android.support.FILE_PROVIDER_PATHS"
192-->[:image_picker_android] AndroidManifest.xml:16:17-67
193                android:resource="@xml/flutter_image_picker_file_paths" />
193-->[:image_picker_android] AndroidManifest.xml:17:17-72
194        </provider>
195
196        <activity
196-->[:url_launcher_android] AndroidManifest.xml:10:9-13:74
197            android:name="io.flutter.plugins.urllauncher.WebViewActivity"
197-->[:url_launcher_android] AndroidManifest.xml:11:13-74
198            android:exported="false"
198-->[:url_launcher_android] AndroidManifest.xml:12:13-37
199            android:theme="@android:style/Theme.NoTitleBar.Fullscreen" />
199-->[:url_launcher_android] AndroidManifest.xml:13:13-71
200
201        <service
201-->[:location] AndroidManifest.xml:13:9-17:56
202            android:name="com.lyokone.location.FlutterLocationService"
202-->[:location] AndroidManifest.xml:14:13-71
203            android:enabled="true"
203-->[:location] AndroidManifest.xml:15:13-35
204            android:exported="false"
204-->[:location] AndroidManifest.xml:16:13-37
205            android:foregroundServiceType="location" /> <!-- Needs to be explicitly declared on P+ -->
205-->[:location] AndroidManifest.xml:17:13-53
206        <uses-library
206-->[com.google.android.gms:play-services-maps:18.1.0] AndroidManifest.xml:39:9-41:40
207            android:name="org.apache.http.legacy"
207-->[com.google.android.gms:play-services-maps:18.1.0] AndroidManifest.xml:40:13-50
208            android:required="false" />
208-->[com.google.android.gms:play-services-maps:18.1.0] AndroidManifest.xml:41:13-37
209
210        <receiver
210-->[com.google.firebase:firebase-messaging:23.2.1] AndroidManifest.xml:29:9-36:20
211            android:name="com.google.firebase.iid.FirebaseInstanceIdReceiver"
211-->[com.google.firebase:firebase-messaging:23.2.1] AndroidManifest.xml:30:13-78
212            android:exported="true"
212-->[com.google.firebase:firebase-messaging:23.2.1] AndroidManifest.xml:31:13-36
213            android:permission="com.google.android.c2dm.permission.SEND" >
213-->[com.google.firebase:firebase-messaging:23.2.1] AndroidManifest.xml:32:13-73
214            <intent-filter>
214-->[:firebase_messaging] AndroidManifest.xml:32:13-34:29
215                <action android:name="com.google.android.c2dm.intent.RECEIVE" />
215-->[:firebase_messaging] AndroidManifest.xml:33:17-81
215-->[:firebase_messaging] AndroidManifest.xml:33:25-78
216            </intent-filter>
217        </receiver>
218        <!--
219             FirebaseMessagingService performs security checks at runtime,
220             but set to not exported to explicitly avoid allowing another app to call it.
221        -->
222        <service
222-->[com.google.firebase:firebase-messaging:23.2.1] AndroidManifest.xml:42:9-49:19
223            android:name="com.google.firebase.messaging.FirebaseMessagingService"
223-->[com.google.firebase:firebase-messaging:23.2.1] AndroidManifest.xml:43:13-82
224            android:directBootAware="true"
224-->[com.google.firebase:firebase-messaging:23.2.1] AndroidManifest.xml:44:13-43
225            android:exported="false" >
225-->[com.google.firebase:firebase-messaging:23.2.1] AndroidManifest.xml:45:13-37
226            <intent-filter android:priority="-500" >
226-->[:firebase_messaging] AndroidManifest.xml:23:13-25:29
227                <action android:name="com.google.firebase.MESSAGING_EVENT" />
227-->[:firebase_messaging] AndroidManifest.xml:24:17-78
227-->[:firebase_messaging] AndroidManifest.xml:24:25-75
228            </intent-filter>
229        </service>
230
231        <provider
231-->[com.google.firebase:firebase-common:20.3.3] AndroidManifest.xml:25:9-30:39
232            android:name="com.google.firebase.provider.FirebaseInitProvider"
232-->[com.google.firebase:firebase-common:20.3.3] AndroidManifest.xml:26:13-77
233            android:authorities="com.drawaura.socialapps.firebaseinitprovider"
233-->[com.google.firebase:firebase-common:20.3.3] AndroidManifest.xml:27:13-72
234            android:directBootAware="true"
234-->[com.google.firebase:firebase-common:20.3.3] AndroidManifest.xml:28:13-43
235            android:exported="false"
235-->[com.google.firebase:firebase-common:20.3.3] AndroidManifest.xml:29:13-37
236            android:initOrder="100" />
236-->[com.google.firebase:firebase-common:20.3.3] AndroidManifest.xml:30:13-36
237
238        <activity
238-->[com.google.android.gms:play-services-base:18.1.0] AndroidManifest.xml:20:9-22:45
239            android:name="com.google.android.gms.common.api.GoogleApiActivity"
239-->[com.google.android.gms:play-services-base:18.1.0] AndroidManifest.xml:20:19-85
240            android:exported="false"
240-->[com.google.android.gms:play-services-base:18.1.0] AndroidManifest.xml:22:19-43
241            android:theme="@android:style/Theme.Translucent.NoTitleBar" />
241-->[com.google.android.gms:play-services-base:18.1.0] AndroidManifest.xml:21:19-78
242
243        <receiver
243-->[com.google.android.gms:play-services-measurement:21.3.0] AndroidManifest.xml:29:9-33:20
244            android:name="com.google.android.gms.measurement.AppMeasurementReceiver"
244-->[com.google.android.gms:play-services-measurement:21.3.0] AndroidManifest.xml:30:13-85
245            android:enabled="true"
245-->[com.google.android.gms:play-services-measurement:21.3.0] AndroidManifest.xml:31:13-35
246            android:exported="false" >
246-->[com.google.android.gms:play-services-measurement:21.3.0] AndroidManifest.xml:32:13-37
247        </receiver>
248
249        <service
249-->[com.google.android.gms:play-services-measurement:21.3.0] AndroidManifest.xml:35:9-38:40
250            android:name="com.google.android.gms.measurement.AppMeasurementService"
250-->[com.google.android.gms:play-services-measurement:21.3.0] AndroidManifest.xml:36:13-84
251            android:enabled="true"
251-->[com.google.android.gms:play-services-measurement:21.3.0] AndroidManifest.xml:37:13-35
252            android:exported="false" />
252-->[com.google.android.gms:play-services-measurement:21.3.0] AndroidManifest.xml:38:13-37
253        <service
253-->[com.google.android.gms:play-services-measurement:21.3.0] AndroidManifest.xml:39:9-43:72
254            android:name="com.google.android.gms.measurement.AppMeasurementJobService"
254-->[com.google.android.gms:play-services-measurement:21.3.0] AndroidManifest.xml:40:13-87
255            android:enabled="true"
255-->[com.google.android.gms:play-services-measurement:21.3.0] AndroidManifest.xml:41:13-35
256            android:exported="false"
256-->[com.google.android.gms:play-services-measurement:21.3.0] AndroidManifest.xml:42:13-37
257            android:permission="android.permission.BIND_JOB_SERVICE" />
257-->[com.google.android.gms:play-services-measurement:21.3.0] AndroidManifest.xml:43:13-69
258
259        <meta-data
259-->[com.google.android.gms:play-services-basement:18.1.0] AndroidManifest.xml:21:9-23:69
260            android:name="com.google.android.gms.version"
260-->[com.google.android.gms:play-services-basement:18.1.0] AndroidManifest.xml:22:13-58
261            android:value="@integer/google_play_services_version" />
261-->[com.google.android.gms:play-services-basement:18.1.0] AndroidManifest.xml:23:13-66
262
263        <uses-library
263-->[androidx.window:window:1.0.0-beta04] AndroidManifest.xml:25:9-27:40
264            android:name="androidx.window.extensions"
264-->[androidx.window:window:1.0.0-beta04] AndroidManifest.xml:26:13-54
265            android:required="false" />
265-->[androidx.window:window:1.0.0-beta04] AndroidManifest.xml:27:13-37
266        <uses-library
266-->[androidx.window:window:1.0.0-beta04] AndroidManifest.xml:28:9-30:40
267            android:name="androidx.window.sidecar"
267-->[androidx.window:window:1.0.0-beta04] AndroidManifest.xml:29:13-51
268            android:required="false" />
268-->[androidx.window:window:1.0.0-beta04] AndroidManifest.xml:30:13-37
269
270        <service
270-->[com.google.android.datatransport:transport-backend-cct:3.1.8] AndroidManifest.xml:28:9-34:19
271            android:name="com.google.android.datatransport.runtime.backends.TransportBackendDiscovery"
271-->[com.google.android.datatransport:transport-backend-cct:3.1.8] AndroidManifest.xml:29:13-103
272            android:exported="false" >
272-->[com.google.android.datatransport:transport-backend-cct:3.1.8] AndroidManifest.xml:30:13-37
273            <meta-data
273-->[com.google.android.datatransport:transport-backend-cct:3.1.8] AndroidManifest.xml:31:13-33:39
274                android:name="backend:com.google.android.datatransport.cct.CctBackendFactory"
274-->[com.google.android.datatransport:transport-backend-cct:3.1.8] AndroidManifest.xml:32:17-94
275                android:value="cct" />
275-->[com.google.android.datatransport:transport-backend-cct:3.1.8] AndroidManifest.xml:33:17-36
276        </service>
277        <service
277-->[com.google.android.datatransport:transport-runtime:3.1.8] AndroidManifest.xml:26:9-30:19
278            android:name="com.google.android.datatransport.runtime.scheduling.jobscheduling.JobInfoSchedulerService"
278-->[com.google.android.datatransport:transport-runtime:3.1.8] AndroidManifest.xml:27:13-117
279            android:exported="false"
279-->[com.google.android.datatransport:transport-runtime:3.1.8] AndroidManifest.xml:28:13-37
280            android:permission="android.permission.BIND_JOB_SERVICE" >